<?xml version="1.0" encoding="UTF-8"?>
<testsuite xmlns:xsi="http://www.w3.org/2001/XMLSchema-instance" xsi:noNamespaceSchemaLocation="https://maven.apache.org/surefire/maven-surefire-plugin/xsd/surefire-test-report.xsd" name="hu.bme.mit.spaceship.GT4500Test" time="0.731" tests="12" errors="1" skipped="0" failures="0">
  <properties>
[...]
</properties>
  <testcase name="fireTorpedo_Single_Success" classname="hu.bme.mit.spaceship.GT4500Test" time="0.691"/>
  <testcase name="Default" classname="hu.bme.mit.spaceship.GT4500Test" time="0">
    <error message="Name is null" type="java.lang.NullPointerException">java.lang.NullPointerException: Name is null
	at hu.bme.mit.spaceship.GT4500Test.Default(GT4500Test.java:214)
</error>
  </testcase>
  <testcase name="Single_PrimaryFiredLast_SecondaryEmpty" classname="hu.bme.mit.spaceship.GT4500Test" time="0"/>
  <testcase name="Single_PrimaryFiredLast_BothEmpty" classname="hu.bme.mit.spaceship.GT4500Test" time="0.016"/>
  <testcase name="fireTorpedo_All_Success" classname="hu.bme.mit.spaceship.GT4500Test" time="0"/>
  <testcase name="All_SecondaryEmpty_PrimaryHasTorpedo" classname="hu.bme.mit.spaceship.GT4500Test" time="0"/>
  <testcase name="All_PrimaryEmpty_SecondaryHasTorpedo" classname="hu.bme.mit.spaceship.GT4500Test" time="0"/>
  <testcase name="Single_NotPrimaryFiredLast_BothEmpty" classname="hu.bme.mit.spaceship.GT4500Test" time="0"/>
  <testcase name="fireLaserNotImplemented" classname="hu.bme.mit.spaceship.GT4500Test" time="0.016"/>
  <testcase name="Single_NotPrimaryFiredLast_PrimaryEmpty_SecondaryHasTorpedo" classname="hu.bme.mit.spaceship.GT4500Test" time="0"/>
  <testcase name="All_BothEmpty" classname="hu.bme.mit.spaceship.GT4500Test" time="0"/>
  <testcase name="Single_PrimaryFiredLast_SecondaryHasTorpedo" classname="hu.bme.mit.spaceship.GT4500Test" time="0"/>
</testsuite>